0 info it worked if it ends with ok
1 verbose cli [ 'C:\\Program Files\\nodejs\\node.exe',
1 verbose cli   'C:\\Users\\2512\\AppData\\Roaming\\npm\\node_modules\\npm\\bin\\npm-cli.js',
1 verbose cli   'run',
1 verbose cli   'dev' ]
2 info using npm@3.10.9
3 info using node@v6.9.1
4 verbose run-script [ 'predev', 'dev', 'postdev' ]
5 info lifecycle typing-test-react-demo@1.0.0~predev: typing-test-react-demo@1.0.0
6 silly lifecycle typing-test-react-demo@1.0.0~predev: no script for predev, continuing
7 info lifecycle typing-test-react-demo@1.0.0~dev: typing-test-react-demo@1.0.0
8 verbose lifecycle typing-test-react-demo@1.0.0~dev: unsafe-perm in lifecycle true
9 verbose lifecycle typing-test-react-demo@1.0.0~dev: PATH: C:\Users\2512\AppData\Roaming\npm\node_modules\npm\bin\node-gyp-bin;C:\Users\2512\Dropbox\Dev\typing-test-react-demo\node_modules\.bin;C:\WINDOWS\system32;C:\WINDOWS;C:\WINDOWS\System32\Wbem;C:\WINDOWS\System32\WindowsPowerShell\v1.0\;C:\Program Files\Microsoft SQL Server\130\Tools\Binn\;C:\Program Files\Microsoft SQL Server\110\Tools\Binn\;C:\Program Files (x86)\Microsoft SQL Server\Client SDK\ODBC\130\Tools\Binn\;C:\Program Files (x86)\Microsoft SQL Server\130\Tools\Binn\;C:\Program Files (x86)\Microsoft SQL Server\130\DTS\Binn\;C:\Program Files (x86)\Microsoft SQL Server\130\Tools\Binn\ManagementStudio\;C:\Program Files\Microsoft SQL Server\Client SDK\ODBC\110\Tools\Binn\;C:\Program Files (x86)\Microsoft SQL Server\120\Tools\Binn\;C:\Program Files\Microsoft SQL Server\120\Tools\Binn\;C:\Program Files\Microsoft SQL Server\120\DTS\Binn\;C:\Program Files (x86)\Microsoft SQL Server\120\Tools\Binn\ManagementStudio\;C:\Program Files (x86)\Microsoft SQL Server\120\DTS\Binn\;C:\Program Files (x86)\Microsoft SQL Server\110\DTS\Binn\;C:\Program Files\Git\cmd;C:\Program Files\Microsoft\Web Platform Installer\;C:\Program Files (x86)\Skype\Phone\;C:\Program Files (x86)\Heroku\bin;C:\Program Files (x86)\git\cmd;C:\Program Files (x86)\Windows Kits\8.1\Windows Performance Toolkit\;C:\Program Files\dotnet\;C:\Program Files\Microsoft DNX\Dnvm\;C:\Program Files\nodejs\;C:\Users\2512\AppData\Local\Programs\Python\Python35-32\Scripts\;C:\Users\2512\AppData\Local\Programs\Python\Python35-32\;C:\Users\2512\.dnx\bin;C:\Program Files (x86)\Microsoft VS Code\bin;C:\Users\2512\AppData\Local\atom\bin;C:\Users\2512\AppData\Roaming\npm;C:\Users\2512\AppData\Local\.meteor\
10 verbose lifecycle typing-test-react-demo@1.0.0~dev: CWD: C:\Users\2512\Dropbox\Dev\typing-test-react-demo
11 silly lifecycle typing-test-react-demo@1.0.0~dev: Args: [ '/d /s /c', 'nodemon server/server.js' ]
12 silly lifecycle typing-test-react-demo@1.0.0~dev: Returned: code: 3221225786  signal: null
13 info lifecycle typing-test-react-demo@1.0.0~dev: Failed to exec dev script
14 verbose stack Error: typing-test-react-demo@1.0.0 dev: `nodemon server/server.js`
14 verbose stack Exit status 3221225786
14 verbose stack     at EventEmitter.<anonymous> (C:\Users\2512\AppData\Roaming\npm\node_modules\npm\lib\utils\lifecycle.js:255:16)
14 verbose stack     at emitTwo (events.js:106:13)
14 verbose stack     at EventEmitter.emit (events.js:191:7)
14 verbose stack     at ChildProcess.<anonymous> (C:\Users\2512\AppData\Roaming\npm\node_modules\npm\lib\utils\spawn.js:40:14)
14 verbose stack     at emitTwo (events.js:106:13)
14 verbose stack     at ChildProcess.emit (events.js:191:7)
14 verbose stack     at maybeClose (internal/child_process.js:877:16)
14 verbose stack     at Process.ChildProcess._handle.onexit (internal/child_process.js:226:5)
15 verbose pkgid typing-test-react-demo@1.0.0
16 verbose cwd C:\Users\2512\Dropbox\Dev\typing-test-react-demo
17 error Windows_NT 10.0.10240
18 error argv "C:\\Program Files\\nodejs\\node.exe" "C:\\Users\\2512\\AppData\\Roaming\\npm\\node_modules\\npm\\bin\\npm-cli.js" "run" "dev"
19 error node v6.9.1
20 error npm  v3.10.9
21 error code ELIFECYCLE
22 error typing-test-react-demo@1.0.0 dev: `nodemon server/server.js`
22 error Exit status 3221225786
23 error Failed at the typing-test-react-demo@1.0.0 dev script 'nodemon server/server.js'.
23 error Make sure you have the latest version of node.js and npm installed.
23 error If you do, this is most likely a problem with the typing-test-react-demo package,
23 error not with npm itself.
23 error Tell the author that this fails on your system:
23 error     nodemon server/server.js
23 error You can get information on how to open an issue for this project with:
23 error     npm bugs typing-test-react-demo
23 error Or if that isn't available, you can get their info via:
23 error     npm owner ls typing-test-react-demo
23 error There is likely additional logging output above.
24 verbose exit [ 1, true ]
